<?xml version="1.0" encoding="UTF-8"?>
<!-- Generated by org.testng.reporters.JUnitXMLReporter -->
<testsuite ignored="0" hostname="DESKTOP-CGV43OK" failures="0" tests="6" name="Test" time="6.668" errors="0" timestamp="2024-03-30T23:31:25 CST">
  <testcase classname="Maven_TestNG.Maven_Package.Regression" name="TC001" time="0.732"/>
  <testcase classname="Maven_TestNG.Maven_Package.Regression" name="TC002" time="0.555"/>
  <testcase classname="Maven_TestNG.Maven_Package.Regression" name="TC003" time="0.539"/>
  <testcase classname="Maven_TestNG.Maven_Package.Regression" name="TC004" time="0.525"/>
  <testcase classname="Maven_TestNG.Maven_Package.Regression" name="TC005" time="0.519"/>
  <testcase classname="Maven_TestNG.Maven_Package.Regression" name="TC006" time="0.528"/>
</testsuite> <!-- Test -->
