<?xml version="1.0" encoding="UTF-8"?>
<!-- Generated by org.testng.reporters.JUnitXMLReporter -->
<testsuite ignored="0" hostname="DESKTOP-CGV43OK" failures="0" tests="6" name="Default test" time="7.958" errors="0" timestamp="2024-04-08T23:39:37 CST">
  <testcase classname="Maven_TestNG.Maven_Package.RegressionTest" name="TC001" time="0.734"/>
  <testcase classname="Maven_TestNG.Maven_Package.RegressionTest" name="TC002" time="0.561"/>
  <testcase classname="Maven_TestNG.Maven_Package.RegressionTest" name="TC003" time="0.499"/>
  <testcase classname="Maven_TestNG.Maven_Package.RegressionTest" name="TC004" time="0.503"/>
  <testcase classname="Maven_TestNG.Maven_Package.RegressionTest" name="TC005" time="0.571"/>
  <testcase classname="Maven_TestNG.Maven_Package.RegressionTest" name="TC006" time="0.491"/>
</testsuite> <!-- Default test -->
