<?xml version="1.0" encoding="UTF-8"?>
<testng-results ignored="0" total="1" passed="1" failed="0" skipped="0">
  <reporter-output>
  </reporter-output>
  <suite started-at="2024-03-31T01:20:35 CST" name="Default suite" finished-at="2024-03-31T01:20:37 CST" duration-ms="1177">
    <groups>
    </groups>
    <test started-at="2024-03-31T01:20:35 CST" name="Default test" finished-at="2024-03-31T01:20:37 CST" duration-ms="1177">
      <class name="Maven_TestNG.Maven_Package.TestData">
        <test-method signature="getData()[pri:0, instance:Maven_TestNG.Maven_Package.TestData@188715b5]" started-at="2024-03-31T01:20:36 CST" name="getData" finished-at="2024-03-31T01:20:37 CST" duration-ms="1135" status="PASS">
          <reporter-output>
          </reporter-output>
        </test-method> <!-- getData -->
      </class> <!-- Maven_TestNG.Maven_Package.TestData -->
    </test> <!-- Default test -->
  </suite> <!-- Default suite -->
</testng-results>
